<?xml version="1.0" encoding="UTF-8"?>
<!-- Generated by org.testng.reporters.JUnitReportReporter -->
<testsuite hostname="DESKTOP-5874SPL" failures="0" tests="1" name="com.obsquara.TestNgProject.CheckBoxCommands" time="4.353" errors="0" timestamp="2023-02-28T02:12:20 IST" skipped="0">
  <testcase classname="com.obsquara.TestNgProject.CheckBoxCommands" name="multipleCheckboxDemo" time="4.353"/>
  <system-out/>
</testsuite> <!-- com.obsquara.TestNgProject.CheckBoxCommands -->
