<?xml version="1.0" encoding="UTF-8"?>
<!-- Generated by org.testng.reporters.JUnitReportReporter -->
<testsuite hostname="DESKTOP-5874SPL" failures="0" tests="1" name="com.obsquara.TestNgProject.DynamicTable" time="4.907" errors="0" timestamp="2023-03-26T23:12:20 IST" skipped="0">
  <testcase classname="com.obsquara.TestNgProject.DynamicTable" name="tableWithPagination1" time="4.907"/>
  <system-out/>
</testsuite> <!-- com.obsquara.TestNgProject.DynamicTable -->
