<?xml version="1.0" encoding="UTF-8"?>
<!-- Generated by org.testng.reporters.JUnitReportReporter -->
<testsuite hostname="DESKTOP-5874SPL" failures="0" tests="1" name="com.obsquara.TestNgProject.FindElements" time="3.409" errors="0" timestamp="2023-03-02T08:32:33 IST" skipped="0">
  <testcase classname="com.obsquara.TestNgProject.FindElements" name="listFindElements" time="3.409"/>
  <system-out/>
</testsuite> <!-- com.obsquara.TestNgProject.FindElements -->
