<?xml version="1.0" encoding="UTF-8"?>
<!-- Generated by org.testng.reporters.JUnitReportReporter -->
<testsuite hostname="DESKTOP-5874SPL" failures="0" tests="1" name="com.obsquara.TestNgProject.AlertAndPopups" time="4.240" errors="0" timestamp="2023-03-29T21:57:11 IST" skipped="0">
  <testcase classname="com.obsquara.TestNgProject.AlertAndPopups" name="getTextValue" time="4.240"/>
  <system-out/>
</testsuite> <!-- com.obsquara.TestNgProject.AlertAndPopups -->
