<?xml version="1.0" encoding="UTF-8"?>
<!-- Generated by org.testng.reporters.JUnitReportReporter -->
<testsuite hostname="DESKTOP-5874SPL" failures="0" tests="1" name="com.obsquara.TestNgProject.BrowserCommands" time="4.724" errors="0" timestamp="2023-02-14T08:24:41 IST" skipped="0">
  <testcase classname="com.obsquara.TestNgProject.BrowserCommands" name="getTitlecommand" time="4.724"/>
  <system-out/>
</testsuite> <!-- com.obsquara.TestNgProject.BrowserCommands -->
