<?xml version="1.0" encoding="UTF-8"?>
<!-- Generated by org.testng.reporters.JUnitReportReporter -->
<testsuite hostname="DESKTOP-5874SPL" failures="0" tests="1" name="com.obsquara.TestNgProject.WindowHandles" time="7.756" errors="0" timestamp="2023-04-02T11:12:37 IST" skipped="0">
  <testcase classname="com.obsquara.TestNgProject.WindowHandles" name="verifyPopUpWindow" time="7.756"/>
  <system-out/>
</testsuite> <!-- com.obsquara.TestNgProject.WindowHandles -->
