<?xml version="1.0" encoding="UTF-8"?>
<!-- Generated by org.testng.reporters.JUnitReportReporter -->
<testsuite hostname="DESKTOP-5874SPL" failures="0" tests="1" name="com.obsquara.TestNgProject.WebElementsCommandsObsquara" time="3.538" errors="0" timestamp="2023-03-22T00:50:19 IST" skipped="0">
  <testcase classname="com.obsquara.TestNgProject.WebElementsCommandsObsquara" name="showMessageFontColor" time="3.538"/>
  <system-out/>
</testsuite> <!-- com.obsquara.TestNgProject.WebElementsCommandsObsquara -->
