<?xml version="1.0" encoding="UTF-8"?>
<!-- Generated by org.testng.reporters.JUnitReportReporter -->
<testsuite hostname="DESKTOP-5874SPL" failures="0" tests="1" name="com.obsquara.TestNgProject.TestNgAnnotations" time="0.004" errors="0" timestamp="2023-02-14T08:08:23 IST" skipped="0">
  <testcase classname="com.obsquara.TestNgProject.TestNgAnnotations" name="test" time="0.004"/>
  <system-out/>
</testsuite> <!-- com.obsquara.TestNgProject.TestNgAnnotations -->
