<?xml version="1.0" encoding="UTF-8"?>
<!-- Generated by org.testng.reporters.JUnitReportReporter -->
<testsuite hostname="DESKTOP-5874SPL" failures="0" tests="1" name="com.obsquara.TestNgProject.RadioButtonDemo" time="4.265" errors="0" timestamp="2023-03-19T11:18:28 IST" skipped="0">
  <testcase classname="com.obsquara.TestNgProject.RadioButtonDemo" name="verifyFemaleRadioButtonDemo" time="4.265"/>
  <system-out/>
</testsuite> <!-- com.obsquara.TestNgProject.RadioButtonDemo -->
