<?xml version="1.0" encoding="UTF-8"?>
<!-- Generated by org.testng.reporters.JUnitReportReporter -->
<testsuite hostname="DESKTOP-5874SPL" failures="0" tests="1" name="com.obsquara.TestNgProject.RadioButtonDemo" time="4.615" errors="0" timestamp="2023-03-05T12:27:25 IST" skipped="0">
  <testcase classname="com.obsquara.TestNgProject.RadioButtonDemo" name="verifyGroupRadioButtonsDemoGenderAndAgeGroup" time="4.615"/>
  <system-out/>
</testsuite> <!-- com.obsquara.TestNgProject.RadioButtonDemo -->
