<?xml version="1.0" encoding="UTF-8"?>
<!-- Generated by org.testng.reporters.JUnitReportReporter -->
<testsuite hostname="DESKTOP-5874SPL" failures="0" tests="1" name="com.obsquara.TestNgProject.JavaScriptExecute" time="73.539" errors="0" timestamp="2023-03-28T07:14:40 IST" skipped="0">
  <testcase classname="com.obsquara.TestNgProject.JavaScriptExecute" name="singleInputDemo" time="73.539"/>
  <system-out/>
</testsuite> <!-- com.obsquara.TestNgProject.JavaScriptExecute -->
