<?xml version="1.0" encoding="UTF-8"?>
<!-- Generated by org.testng.reporters.JUnitReportReporter -->
<testsuite hostname="DESKTOP-5874SPL" failures="0" tests="1" name="com.obsquara.TestNgProject.WebElementsCommandsObsquara" time="4.068" errors="0" timestamp="2023-03-02T07:07:02 IST" skipped="0">
  <testcase classname="com.obsquara.TestNgProject.WebElementsCommandsObsquara" name="testTwoInputFields" time="4.068"/>
  <system-out/>
</testsuite> <!-- com.obsquara.TestNgProject.WebElementsCommandsObsquara -->
