<?xml version="1.0" encoding="UTF-8"?>
<!-- Generated by org.testng.reporters.JUnitReportReporter -->
<testsuite hostname="DESKTOP-5874SPL" failures="0" tests="8" name="com.obsquara.TestNgProject.Locators" time="27.768" errors="0" timestamp="2023-02-23T00:50:41 IST" skipped="0">
  <testcase classname="com.obsquara.TestNgProject.Locators" name="locateByCssselector" time="2.833"/>
  <system-out/>
  <testcase classname="com.obsquara.TestNgProject.Locators" name="locatorById" time="4.283"/>
  <system-out/>
  <testcase classname="com.obsquara.TestNgProject.Locators" name="locateByXPath" time="3.959"/>
  <system-out/>
  <testcase classname="com.obsquara.TestNgProject.Locators" name="locateByClass" time="3.200"/>
  <system-out/>
  <testcase classname="com.obsquara.TestNgProject.Locators" name="locatorsbyName" time="3.164"/>
  <system-out/>
  <testcase classname="com.obsquara.TestNgProject.Locators" name="locateByLinkText" time="3.956"/>
  <system-out/>
  <testcase classname="com.obsquara.TestNgProject.Locators" name="locateByTagName" time="3.404"/>
  <system-out/>
  <testcase classname="com.obsquara.TestNgProject.Locators" name="locateByPartialLinkText" time="2.969"/>
  <system-out/>
</testsuite> <!-- com.obsquara.TestNgProject.Locators -->
