<?xml version="1.0" encoding="UTF-8"?>
<!-- Generated by org.testng.reporters.JUnitReportReporter -->
<testsuite hostname="DESKTOP-5874SPL" failures="0" tests="5" name="com.obsquara.TestNgProject.TestingLocators" time="15.045" errors="0" timestamp="2023-02-23T22:47:30 IST" skipped="0">
  <testcase classname="com.obsquara.TestNgProject.TestingLocators" name="locatingID" time="3.784"/>
  <system-out/>
  <testcase classname="com.obsquara.TestNgProject.TestingLocators" name="locateCssselector" time="2.869"/>
  <system-out/>
  <testcase classname="com.obsquara.TestNgProject.TestingLocators" name="partialLinktext" time="2.636"/>
  <system-out/>
  <testcase classname="com.obsquara.TestNgProject.TestingLocators" name="linkText" time="2.788"/>
  <system-out/>
  <testcase classname="com.obsquara.TestNgProject.TestingLocators" name="locateXPath" time="2.968"/>
  <system-out/>
</testsuite> <!-- com.obsquara.TestNgProject.TestingLocators -->
