<?xml version="1.0" encoding="UTF-8"?>
<!-- Generated by org.testng.reporters.JUnitReportReporter -->
<testsuite hostname="DESKTOP-5874SPL" failures="0" tests="1" name="com.obsquara.TestNgProject.Base" time="7.434" errors="0" timestamp="2023-02-13T08:32:05 IST" skipped="0">
  <testcase classname="com.obsquara.TestNgProject.Base" name="testCase" time="7.434"/>
  <system-out/>
</testsuite> <!-- com.obsquara.TestNgProject.Base -->
