<?xml version="1.0" encoding="UTF-8"?>
<!-- Generated by org.testng.reporters.JUnitReportReporter -->
<testsuite hostname="DESKTOP-5874SPL" failures="0" tests="1" name="com.obsquara.TestNgProject.WebElementsCommandsNew" time="103.737" errors="0" timestamp="2023-02-28T01:02:04 IST" skipped="0">
  <testcase classname="com.obsquara.TestNgProject.WebElementsCommandsNew" name="testTwoInputFields" time="103.737"/>
  <system-out/>
</testsuite> <!-- com.obsquara.TestNgProject.WebElementsCommandsNew -->
