<?xml version="1.0" encoding="UTF-8"?>
<!-- Generated by org.testng.reporters.JUnitReportReporter -->
<testsuite hostname="DESKTOP-5874SPL" failures="0" tests="1" name="com.obsquara.TestNgProject.LocatorContains" time="5.875" errors="0" timestamp="2023-03-19T11:16:39 IST" skipped="0">
  <testcase classname="com.obsquara.TestNgProject.LocatorContains" name="xpathStartsWith" time="5.875"/>
  <system-out/>
</testsuite> <!-- com.obsquara.TestNgProject.LocatorContains -->
