<?xml version="1.0" encoding="UTF-8"?>
<!-- Generated by org.testng.reporters.JUnitReportReporter -->
<testsuite hostname="DESKTOP-5874SPL" failures="0" tests="3" name="com.obsquara.TestNgProject.Parametrization" time="11.230" errors="0" timestamp="2023-04-04T08:15:42 IST" skipped="0">
  <testcase classname="com.obsquara.TestNgProject.Parametrization" name="dataProviderParameterization" time="3.360"/>
  <system-out/>
  <testcase classname="com.obsquara.TestNgProject.Parametrization" name="dataProviderParameterization" time="3.744"/>
  <system-out/>
  <testcase classname="com.obsquara.TestNgProject.Parametrization" name="dataProviderParameterization" time="4.126"/>
  <system-out/>
</testsuite> <!-- com.obsquara.TestNgProject.Parametrization -->
