<?xml version="1.0" encoding="UTF-8"?>
<!-- Generated by org.testng.reporters.JUnitReportReporter -->
<testsuite hostname="DESKTOP-5874SPL" failures="0" tests="1" name="com.obsquara.TestNgProject.WaitExplicitLocator" time="3.312" errors="0" timestamp="2023-03-19T14:34:46 IST" skipped="0">
  <testcase classname="com.obsquara.TestNgProject.WaitExplicitLocator" name="getTextShowmessageButton" time="3.312"/>
  <system-out/>
</testsuite> <!-- com.obsquara.TestNgProject.WaitExplicitLocator -->
