<?xml version="1.0" encoding="UTF-8"?>
<!-- Generated by org.testng.reporters.JUnitReportReporter -->
<testsuite hostname="DESKTOP-5874SPL" failures="0" tests="1" name="com.obsquara.TestNgProject.AutoITTest" time="5.457" errors="0" timestamp="2023-04-12T22:48:41 IST" skipped="0">
  <testcase classname="com.obsquara.TestNgProject.AutoITTest" name="checkBoxDemo" time="5.457"/>
  <system-out/>
</testsuite> <!-- com.obsquara.TestNgProject.AutoITTest -->
