<?xml version="1.0" encoding="UTF-8"?>
<!-- Generated by org.testng.reporters.JUnitReportReporter -->
<testsuite hostname="DESKTOP-5874SPL" failures="0" tests="1" name="com.obsquara.TestNgProject.TestNgAnnotations" time="3.354" errors="0" timestamp="2023-03-09T19:10:44 IST" skipped="0">
  <testcase classname="com.obsquara.TestNgProject.TestNgAnnotations" name="test" time="3.354"/>
  <system-out/>
</testsuite> <!-- com.obsquara.TestNgProject.TestNgAnnotations -->
