<?xml version="1.0" encoding="UTF-8"?>
<!-- Generated by org.testng.reporters.JUnitReportReporter -->
<testsuite hostname="DESKTOP-5874SPL" failures="0" tests="1" name="com.obsquara.TestNgProject.TableFilter" time="4.522" errors="0" timestamp="2023-03-26T23:13:23 IST" skipped="0">
  <testcase classname="com.obsquara.TestNgProject.TableFilter" name="searchTable" time="4.522"/>
  <system-out/>
</testsuite> <!-- com.obsquara.TestNgProject.TableFilter -->
