<?xml version="1.0" encoding="UTF-8"?>
<!-- Generated by org.testng.reporters.JUnitReportReporter -->
<testsuite hostname="DESKTOP-5874SPL" failures="0" tests="1" name="com.obsquara.TestNgProject.WebElementCommandFlip" time="3.393" errors="0" timestamp="2023-02-24T05:28:50 IST" skipped="0">
  <testcase classname="com.obsquara.TestNgProject.WebElementCommandFlip" name="sendKeys" time="3.393"/>
  <system-out/>
</testsuite> <!-- com.obsquara.TestNgProject.WebElementCommandFlip -->
