<?xml version="1.0" encoding="UTF-8"?>
<!-- Generated by org.testng.reporters.JUnitReportReporter -->
<testsuite hostname="DESKTOP-5874SPL" failures="0" tests="3" name="com.obsquara.TestNgProject.Parametrization" time="10.374" errors="0" timestamp="2023-04-13T00:16:24 IST" skipped="0">
  <testcase classname="com.obsquara.TestNgProject.Parametrization" name="dataProviderParameterization" time="4.174"/>
  <system-out/>
  <testcase classname="com.obsquara.TestNgProject.Parametrization" name="dataProviderParameterization" time="3.322"/>
  <system-out/>
  <testcase classname="com.obsquara.TestNgProject.Parametrization" name="dataProviderParameterization" time="2.878"/>
  <system-out/>
</testsuite> <!-- com.obsquara.TestNgProject.Parametrization -->
