<?xml version="1.0" encoding="UTF-8"?>
<!-- Generated by org.testng.reporters.JUnitReportReporter -->
<testsuite hostname="DESKTOP-5874SPL" failures="0" tests="1" name="com.obsquara.TestNgProject.WebElementCommands" time="4.057" errors="0" timestamp="2023-02-23T22:24:06 IST" skipped="0">
  <testcase classname="com.obsquara.TestNgProject.WebElementCommands" name="sendKeys" time="4.057"/>
  <system-out/>
</testsuite> <!-- com.obsquara.TestNgProject.WebElementCommands -->
