<?xml version="1.0" encoding="UTF-8"?>
<!-- Generated by org.testng.reporters.JUnitReportReporter -->
<testsuite hostname="DESKTOP-5874SPL" failures="0" tests="1" name="com.obsquara.TestNgProject.FakerClass" time="4.208" errors="0" timestamp="2023-04-05T00:29:11 IST" skipped="0">
  <testcase classname="com.obsquara.TestNgProject.FakerClass" name="verifyFakerClass" time="4.208"/>
  <system-out/>
</testsuite> <!-- com.obsquara.TestNgProject.FakerClass -->
